WARNING:root:The .mp3, ComeHome.mp3, exists but the .xml file does not
INFO:root:There's a file Friction.AI_and_Playaz_Recordings.xml, but we're ignoring it
ERROR:root:The .xml file, Friction.Krakota_and_Exits_Module_Eight.xml, exists but the .mp3 does not
WARNING:root:The .mp3, ComeHome.mp3, exists but the .xml file does not
INFO:root:There's a file Friction.AI_and_Playaz_Recordings.xml, but we're ignoring it
ERROR:root:The .xml file, Friction.Krakota_and_Exits_Module_Eight.xml, exists but the .mp3 does not
WARNING: 2015-11-17 14:14:32,316: The .mp3, ComeHome.mp3, exists but the .xml file does not
INFO: 2015-11-17 14:14:32,317: There's a file Friction.AI_and_Playaz_Recordings.xml, but we're ignoring it
ERROR: 2015-11-17 14:14:32,317: The .xml file, Friction.Krakota_and_Exits_Module_Eight.xml, exists but the .mp3 does not
WARNING: 2015-11-17 14:18:25,213: The .mp3, ComeHome.mp3, exists but the .xml file does not
INFO: 2015-11-17 14:18:25,213: There's a file Friction.AI_and_Playaz_Recordings.xml, but we're ignoring it
ERROR: 2015-11-17 14:18:25,213: The .xml file, Friction.Krakota_and_Exits_Module_Eight.xml, exists but the .mp3 does not
WARNING: 2015-11-17 14:18:38,901: The .mp3, ComeHome.mp3, exists but the .xml file does not
INFO: 2015-11-17 14:18:38,901: There's a file Friction.AI_and_Playaz_Recordings.xml, but we're ignoring it
ERROR: 2015-11-17 14:18:38,901: The .xml file, Friction.Krakota_and_Exits_Module_Eight.xml, exists but the .mp3 does not
WARNING: 2015-11-17 14:18:42,469: The .mp3, ComeHome.mp3, exists but the .xml file does not
INFO: 2015-11-17 14:18:42,470: There's a file Friction.AI_and_Playaz_Recordings.xml, but we're ignoring it
ERROR: 2015-11-17 14:18:42,470: The .xml file, Friction.Krakota_and_Exits_Module_Eight.xml, exists but the .mp3 does not
WARNING: 2015-11-17 14:19:19,219: The .mp3, ComeHome.mp3, exists but the .xml file does not
INFO: 2015-11-17 14:19:19,219: There's a file Friction.AI_and_Playaz_Recordings.xml, but we're ignoring it
ERROR: 2015-11-17 14:19:19,219: The .xml file, Friction.Krakota_and_Exits_Module_Eight.xml, exists but the .mp3 does not
WARNING: 2015-11-17 14:19:24,533: The .mp3, ComeHome.mp3, exists but the .xml file does not
INFO: 2015-11-17 14:19:24,534: There's a file Friction.AI_and_Playaz_Recordings.xml, but we're ignoring it
ERROR: 2015-11-17 14:19:24,534: The .xml file, Friction.Krakota_and_Exits_Module_Eight.xml, exists but the .mp3 does not
WARNING: 2015-11-17 14:20:43,992: The .mp3, ComeHome.mp3, exists but the .xml file does not
INFO: 2015-11-17 14:20:43,992: There's a file Friction.AI_and_Playaz_Recordings.xml, but we're ignoring it
ERROR: 2015-11-17 14:20:43,992: The .xml file, Friction.Krakota_and_Exits_Module_Eight.xml, exists but the .mp3 does not
WARNING: 2015-11-17 14:21:01,752: The .mp3, ComeHome.mp3, exists but the .xml file does not
INFO: 2015-11-17 14:21:01,752: There's a file Friction.AI_and_Playaz_Recordings.xml, but we're ignoring it
ERROR: 2015-11-17 14:21:01,752: The .xml file, Friction.Krakota_and_Exits_Module_Eight.xml, exists but the .mp3 does not
WARNING: 2015-11-17 14:21:05,492: The .mp3, ComeHome.mp3, exists but the .xml file does not
INFO: 2015-11-17 14:21:05,492: There's a file Friction.AI_and_Playaz_Recordings.xml, but we're ignoring it
ERROR: 2015-11-17 14:21:05,492: The .xml file, Friction.Krakota_and_Exits_Module_Eight.xml, exists but the .mp3 does not
WARNING: 2015-11-17 14:24:58,371: The .mp3, ComeHome.mp3, exists but the .xml file does not
INFO: 2015-11-17 14:24:58,371: There's a file Friction.AI_and_Playaz_Recordings.xml, but we're ignoring it
ERROR: 2015-11-17 14:24:58,371: The .xml file, Friction.Krakota_and_Exits_Module_Eight.xml, exists but the .mp3 does not
WARNING: 2015-11-17 14:25:37,252: The .mp3, ComeHome.mp3, exists but the .xml file does not
INFO: 2015-11-17 14:25:37,252: There's a file Friction.AI_and_Playaz_Recordings.xml, but we're ignoring it
ERROR: 2015-11-17 14:25:37,252: The .xml file, Friction.Krakota_and_Exits_Module_Eight.xml, exists but the .mp3 does not
WARNING: 2015-11-17 14:26:01,514: The .mp3, ComeHome.mp3, exists but the .xml file does not
INFO: 2015-11-17 14:26:01,515: There's a file Friction.AI_and_Playaz_Recordings.xml, but we're ignoring it
ERROR: 2015-11-17 14:26:01,515: The .xml file, Friction.Krakota_and_Exits_Module_Eight.xml, exists but the .mp3 does not
WARNING: 2015-11-17 14:26:16,586: The .mp3, ComeHome.mp3, exists but the .xml file does not
INFO: 2015-11-17 14:26:16,587: There's a file Friction.AI_and_Playaz_Recordings.xml, but we're ignoring it
ERROR: 2015-11-17 14:26:16,587: The .xml file, Friction.Krakota_and_Exits_Module_Eight.xml, exists but the .mp3 does not
WARNING: 2015-11-17 14:27:42,556: The .mp3, ComeHome.mp3, exists but the .xml file does not
INFO: 2015-11-17 14:27:42,557: There's a file Friction.AI_and_Playaz_Recordings.xml, but we're ignoring it
ERROR: 2015-11-17 14:27:42,557: The .xml file, Friction.Krakota_and_Exits_Module_Eight.xml, exists but the .mp3 does not
WARNING: 2015-11-17 14:28:15,168: The .mp3, ComeHome.mp3, exists but the .xml file does not
INFO: 2015-11-17 14:28:15,168: There's a file Friction.AI_and_Playaz_Recordings.xml, but we're ignoring it
ERROR: 2015-11-17 14:28:15,168: The .xml file, Friction.Krakota_and_Exits_Module_Eight.xml, exists but the .mp3 does not
WARNING: 2015-11-17 14:29:23,190: The .mp3, ComeHome.mp3, exists but the .xml file does not
INFO: 2015-11-17 14:29:23,191: There's a file Friction.AI_and_Playaz_Recordings.xml, but we're ignoring it
ERROR: 2015-11-17 14:29:23,191: The .xml file, Friction.Krakota_and_Exits_Module_Eight.xml, exists but the .mp3 does not
WARNING: 2015-11-17 14:29:39,820: The .mp3, ComeHome.mp3, exists but the .xml file does not
INFO: 2015-11-17 14:29:39,820: There's a file Friction.AI_and_Playaz_Recordings.xml, but we're ignoring it
ERROR: 2015-11-17 14:29:39,820: The .xml file, Friction.Krakota_and_Exits_Module_Eight.xml, exists but the .mp3 does not
WARNING: 2015-11-17 14:31:47,430: The .mp3, ComeHome.mp3, exists but the .xml file does not
INFO: 2015-11-17 14:31:47,430: There's a file Friction.AI_and_Playaz_Recordings.xml, but we're ignoring it
ERROR: 2015-11-17 14:31:47,430: The .xml file, Friction.Krakota_and_Exits_Module_Eight.xml, exists but the .mp3 does not
WARNING: 2015-11-17 14:31:57,456: The .mp3, ComeHome.mp3, exists but the .xml file does not
INFO: 2015-11-17 14:31:57,456: There's a file Friction.AI_and_Playaz_Recordings.xml, but we're ignoring it
ERROR: 2015-11-17 14:31:57,456: The .xml file, Friction.Krakota_and_Exits_Module_Eight.xml, exists but the .mp3 does not
WARNING: 2015-11-17 14:33:12,969: The .mp3, ComeHome.mp3, exists but the .xml file does not
INFO: 2015-11-17 14:33:12,969: There's a file Friction.AI_and_Playaz_Recordings.xml, but we're ignoring it
ERROR: 2015-11-17 14:33:12,969: The .xml file, Friction.Krakota_and_Exits_Module_Eight.xml, exists but the .mp3 does not
WARNING: 2015-11-17 14:38:34,796: The .mp3, ComeHome.mp3, exists but the .xml file does not
INFO: 2015-11-17 14:38:34,796: There's a file Friction.AI_and_Playaz_Recordings.xml, but we're ignoring it
ERROR: 2015-11-17 14:38:34,796: The .xml file, Friction.Krakota_and_Exits_Module_Eight.xml, exists but the .mp3 does not
WARNING: 2015-11-17 14:38:47,076: The .mp3, ComeHome.mp3, exists but the .xml file does not
INFO: 2015-11-17 14:38:47,076: There's a file Friction.AI_and_Playaz_Recordings.xml, but we're ignoring it
ERROR: 2015-11-17 14:38:47,076: The .xml file, Friction.Krakota_and_Exits_Module_Eight.xml, exists but the .mp3 does not
WARNING: 2015-11-17 14:39:53,698: The .mp3, ComeHome.mp3, exists but the .xml file does not
INFO: 2015-11-17 14:39:53,698: There's a file Friction.AI_and_Playaz_Recordings.xml, but we're ignoring it
ERROR: 2015-11-17 14:39:53,698: The .xml file, Friction.Krakota_and_Exits_Module_Eight.xml, exists but the .mp3 does not
WARNING: 2015-11-17 14:40:34,995: The .mp3, ComeHome.mp3, exists but the .xml file does not
INFO: 2015-11-17 14:40:34,995: There's a file Friction.AI_and_Playaz_Recordings.xml, but we're ignoring it
ERROR: 2015-11-17 14:40:34,995: The .xml file, Friction.Krakota_and_Exits_Module_Eight.xml, exists but the .mp3 does not
WARNING: 2015-11-17 14:40:55,487: The .mp3, ComeHome.mp3, exists but the .xml file does not
INFO: 2015-11-17 14:40:55,487: There's a file Friction.AI_and_Playaz_Recordings.xml, but we're ignoring it
ERROR: 2015-11-17 14:40:55,487: The .xml file, Friction.Krakota_and_Exits_Module_Eight.xml, exists but the .mp3 does not
WARNING: 2015-11-17 14:45:06,805: The .mp3, ComeHome.mp3, exists but the .xml file does not
INFO: 2015-11-17 14:45:06,805: There's a file Friction.AI_and_Playaz_Recordings.xml, but we're ignoring it
ERROR: 2015-11-17 14:45:06,805: The .xml file, Friction.Krakota_and_Exits_Module_Eight.xml, exists but the .mp3 does not
WARNING: 2015-11-17 14:46:27,823: The .mp3, ComeHome.mp3, exists but the .xml file does not
INFO: 2015-11-17 14:46:27,824: There's a file Friction.AI_and_Playaz_Recordings.xml, but we're ignoring it
ERROR: 2015-11-17 14:46:27,824: The .xml file, Friction.Krakota_and_Exits_Module_Eight.xml, exists but the .mp3 does not
WARNING: 2015-11-17 14:46:59,948: The .mp3, ComeHome.mp3, exists but the .xml file does not
INFO: 2015-11-17 14:46:59,949: There's a file Friction.AI_and_Playaz_Recordings.xml, but we're ignoring it
ERROR: 2015-11-17 14:46:59,949: The .xml file, Friction.Krakota_and_Exits_Module_Eight.xml, exists but the .mp3 does not
WARNING: 2015-11-17 14:47:14,624: The .mp3, ComeHome.mp3, exists but the .xml file does not
INFO: 2015-11-17 14:47:14,624: There's a file Friction.AI_and_Playaz_Recordings.xml, but we're ignoring it
ERROR: 2015-11-17 14:47:14,624: The .xml file, Friction.Krakota_and_Exits_Module_Eight.xml, exists but the .mp3 does not
WARNING: 2015-11-17 14:47:41,487: The .mp3, ComeHome.mp3, exists but the .xml file does not
INFO: 2015-11-17 14:47:41,487: There's a file Friction.AI_and_Playaz_Recordings.xml, but we're ignoring it
ERROR: 2015-11-17 14:47:41,487: The .xml file, Friction.Krakota_and_Exits_Module_Eight.xml, exists but the .mp3 does not
WARNING: 2015-11-17 14:48:49,177: The .mp3, ComeHome.mp3, exists but the .xml file does not
INFO: 2015-11-17 14:48:49,177: There's a file Friction.AI_and_Playaz_Recordings.xml, but we're ignoring it
ERROR: 2015-11-17 14:48:49,178: The .xml file, Friction.Krakota_and_Exits_Module_Eight.xml, exists but the .mp3 does not
WARNING: 2015-11-17 14:49:11,315: The .mp3, ComeHome.mp3, exists but the .xml file does not
INFO: 2015-11-17 14:49:11,315: There's a file Friction.AI_and_Playaz_Recordings.xml, but we're ignoring it
ERROR: 2015-11-17 14:49:11,316: The .xml file, Friction.Krakota_and_Exits_Module_Eight.xml, exists but the .mp3 does not
WARNING: 2015-11-17 14:49:23,427: The .mp3, ComeHome.mp3, exists but the .xml file does not
INFO: 2015-11-17 14:49:23,427: There's a file Friction.AI_and_Playaz_Recordings.xml, but we're ignoring it
ERROR: 2015-11-17 14:49:23,427: The .xml file, Friction.Krakota_and_Exits_Module_Eight.xml, exists but the .mp3 does not
WARNING: 2015-11-17 14:50:00,284: The .mp3, ComeHome.mp3, exists but the .xml file does not
INFO: 2015-11-17 14:50:00,284: There's a file Friction.AI_and_Playaz_Recordings.xml, but we're ignoring it
ERROR: 2015-11-17 14:50:00,284: The .xml file, Friction.Krakota_and_Exits_Module_Eight.xml, exists but the .mp3 does not
WARNING: 2015-11-17 14:54:53,388: The .mp3, ComeHome.mp3, exists but the .xml file does not
INFO: 2015-11-17 14:54:53,388: There's a file Friction.AI_and_Playaz_Recordings.xml, but we're ignoring it
ERROR: 2015-11-17 14:54:53,388: The .xml file, Friction.Krakota_and_Exits_Module_Eight.xml, exists but the .mp3 does not
WARNING: 2015-11-17 14:55:40,363: The .mp3, ComeHome.mp3, exists but the .xml file does not
INFO: 2015-11-17 14:55:40,363: There's a file Friction.AI_and_Playaz_Recordings.xml, but we're ignoring it
ERROR: 2015-11-17 14:55:40,363: The .xml file, Friction.Krakota_and_Exits_Module_Eight.xml, exists but the .mp3 does not
WARNING: 2015-11-17 14:57:09,139: The .mp3, ComeHome.mp3, exists but the .xml file does not
INFO: 2015-11-17 14:57:09,139: There's a file Friction.AI_and_Playaz_Recordings.xml, but we're ignoring it
ERROR: 2015-11-17 14:57:09,139: The .xml file, Friction.Krakota_and_Exits_Module_Eight.xml, exists but the .mp3 does not
WARNING: 2015-11-17 14:58:02,412: The .mp3, ComeHome.mp3, exists but the .xml file does not
INFO: 2015-11-17 14:58:02,412: There's a file Friction.AI_and_Playaz_Recordings.xml, but we're ignoring it
ERROR: 2015-11-17 14:58:02,412: The .xml file, Friction.Krakota_and_Exits_Module_Eight.xml, exists but the .mp3 does not
WARNING: 2015-11-17 14:58:51,834: The .mp3, ComeHome.mp3, exists but the .xml file does not
INFO: 2015-11-17 14:58:51,834: There's a file Friction.AI_and_Playaz_Recordings.xml, but we're ignoring it
ERROR: 2015-11-17 14:58:51,834: The .xml file, Friction.Krakota_and_Exits_Module_Eight.xml, exists but the .mp3 does not
WARNING: 2015-11-17 14:59:52,934: The .mp3, ComeHome.mp3, exists but the .xml file does not
INFO: 2015-11-17 14:59:52,935: There's a file Friction.AI_and_Playaz_Recordings.xml, but we're ignoring it
ERROR: 2015-11-17 14:59:52,935: The .xml file, Friction.Krakota_and_Exits_Module_Eight.xml, exists but the .mp3 does not
WARNING: 2015-11-17 15:00:21,143: The .mp3, ComeHome.mp3, exists but the .xml file does not
INFO: 2015-11-17 15:00:21,144: There's a file Friction.AI_and_Playaz_Recordings.xml, but we're ignoring it
ERROR: 2015-11-17 15:00:21,144: The .xml file, Friction.Krakota_and_Exits_Module_Eight.xml, exists but the .mp3 does not
WARNING: 2015-11-17 15:00:38,166: The .mp3, ComeHome.mp3, exists but the .xml file does not
INFO: 2015-11-17 15:00:38,166: There's a file Friction.AI_and_Playaz_Recordings.xml, but we're ignoring it
ERROR: 2015-11-17 15:00:38,166: The .xml file, Friction.Krakota_and_Exits_Module_Eight.xml, exists but the .mp3 does not
WARNING: 2015-11-17 15:00:49,053: The .mp3, ComeHome.mp3, exists but the .xml file does not
INFO: 2015-11-17 15:00:49,053: There's a file Friction.AI_and_Playaz_Recordings.xml, but we're ignoring it
ERROR: 2015-11-17 15:00:49,053: The .xml file, Friction.Krakota_and_Exits_Module_Eight.xml, exists but the .mp3 does not
WARNING: 2015-11-17 15:01:12,541: The .mp3, ComeHome.mp3, exists but the .xml file does not
INFO: 2015-11-17 15:01:12,541: There's a file Friction.AI_and_Playaz_Recordings.xml, but we're ignoring it
ERROR: 2015-11-17 15:01:12,541: The .xml file, Friction.Krakota_and_Exits_Module_Eight.xml, exists but the .mp3 does not
WARNING: 2015-11-17 15:03:46,865: The .mp3, ComeHome.mp3, exists but the .xml file does not
INFO: 2015-11-17 15:03:46,865: There's a file Friction.AI_and_Playaz_Recordings.xml, but we're ignoring it
ERROR: 2015-11-17 15:03:46,865: The .xml file, Friction.Krakota_and_Exits_Module_Eight.xml, exists but the .mp3 does not
WARNING: 2015-11-17 15:04:09,786: The .mp3, ComeHome.mp3, exists but the .xml file does not
INFO: 2015-11-17 15:04:09,786: There's a file Friction.AI_and_Playaz_Recordings.xml, but we're ignoring it
ERROR: 2015-11-17 15:04:09,786: The .xml file, Friction.Krakota_and_Exits_Module_Eight.xml, exists but the .mp3 does not
WARNING: 2015-11-17 15:04:35,615: The .mp3, ComeHome.mp3, exists but the .xml file does not
INFO: 2015-11-17 15:04:35,616: There's a file Friction.AI_and_Playaz_Recordings.xml, but we're ignoring it
ERROR: 2015-11-17 15:04:35,616: The .xml file, Friction.Krakota_and_Exits_Module_Eight.xml, exists but the .mp3 does not
WARNING: 2015-11-17 15:07:59,981: The .mp3, ComeHome.mp3, exists but the .xml file does not
INFO: 2015-11-17 15:07:59,981: There's a file Friction.AI_and_Playaz_Recordings.xml, but we're ignoring it
ERROR: 2015-11-17 15:07:59,981: The .xml file, Friction.Krakota_and_Exits_Module_Eight.xml, exists but the .mp3 does not
WARNING: 2015-11-17 15:08:11,245: The .mp3, ComeHome.mp3, exists but the .xml file does not
INFO: 2015-11-17 15:08:11,245: There's a file Friction.AI_and_Playaz_Recordings.xml, but we're ignoring it
ERROR: 2015-11-17 15:08:11,245: The .xml file, Friction.Krakota_and_Exits_Module_Eight.xml, exists but the .mp3 does not
WARNING: 2015-11-17 15:10:28,123: The .mp3, ComeHome.mp3, exists but the .xml file does not
INFO: 2015-11-17 15:10:28,123: There's a file Friction.AI_and_Playaz_Recordings.xml, but we're ignoring it
ERROR: 2015-11-17 15:10:28,123: The .xml file, Friction.Krakota_and_Exits_Module_Eight.xml, exists but the .mp3 does not
WARNING: 2015-11-17 15:10:43,467: The .mp3, ComeHome.mp3, exists but the .xml file does not
INFO: 2015-11-17 15:10:43,468: There's a file Friction.AI_and_Playaz_Recordings.xml, but we're ignoring it
ERROR: 2015-11-17 15:10:43,468: The .xml file, Friction.Krakota_and_Exits_Module_Eight.xml, exists but the .mp3 does not
WARNING: 2015-11-17 15:13:46,973: The .mp3, ComeHome.mp3, exists but the .xml file does not
INFO: 2015-11-17 15:13:46,973: There's a file Friction.AI_and_Playaz_Recordings.xml, but we're ignoring it
ERROR: 2015-11-17 15:13:46,973: The .xml file, Friction.Krakota_and_Exits_Module_Eight.xml, exists but the .mp3 does not
WARNING: 2015-11-17 15:14:09,881: The .mp3, ComeHome.mp3, exists but the .xml file does not
INFO: 2015-11-17 15:14:09,882: There's a file Friction.AI_and_Playaz_Recordings.xml, but we're ignoring it
ERROR: 2015-11-17 15:14:09,882: The .xml file, Friction.Krakota_and_Exits_Module_Eight.xml, exists but the .mp3 does not
